Arguments: 
  C:\Program Files\nodejs\node.exe C:\Program Files\nodejs\node_modules\yarn\bin\yarn.js

PATH: 
  C:\windows\system32;C:\windows;C:\windows\System32\Wbem;C:\windows\System32\WindowsPowerShell\v1.0\;C:\windows\System32\OpenSSH\;D:\Program Files\Git\cmd;C:\Program Files\nvm;C:\Program Files\nodejs;C:\Program Files\Java\jdk1.8.0_131\bin;C:\Program Files\Java\jdk1.8.0_131\jre\bin;C:\Program Files\TortoiseSVN\bin;D:\Program Files\maven\apache-maven-3.8.6\bin;C:\ProgramData\chocolatey\bin;C:\Program Files\Docker\Docker\resources\bin;C:\Users\wangjian0818\AppData\Local\Programs\Python\Python311;C:\Program Files\MongoDB\Server\6.0\bin;D:\Program Files\Redis\;C:\Users\wangjian0818\AppData\Local\pnpm;C:\Users\wangjian0818\AppData\Local\Programs\Python\Python311\Scripts\;C:\Users\wangjian0818\AppData\Local\Programs\Python\Python311\;C:\Users\wangjian0818\AppData\Local\Microsoft\WindowsApps;D:\Microsoft\Microsoft VS Code\bin;C:\Program Files\nvm;C:\Program Files\nodejs;C:\Users\wangjian0818\AppData\Local\GitHubDesktop\bin

Yarn version: 
  1.22.17

Node version: 
  14.19.0

Platform: 
  win32 x64

Trace: 
  Error: connect ETIMEDOUT 104.16.0.35:443
      at TCPConnectWrap.afterConnect [as oncomplete] (net.js:1159:16)

npm manifest: 
  {
    "name": "@jimwong/gulp-istanbul",
    "version": "1.1.5",
    "description": "Istanbul unit test coverage plugin for gulp.",
    "keywords": [
      "gulpplugin",
      "coverage",
      "istanbul",
      "unit test"
    ],
    "homepage": "https://github.com/jimwong666/gulp-istanbul",
    "bugs": "https://github.com/jimwong666/gulp-istanbul/issues",
    "author": "jim wong",
    "main": "index.js",
    "files": [
      "index.js"
    ],
    "publishConfig": {
      "access": "public"
    },
    "repository": {
      "type": "git",
      "url": "git://github.com/SBoudrias/gulp-istanbul.git"
    },
    "scripts": {
      "pretest": "jshint index.js ./test/.",
      "test": "mocha -R spec"
    },
    "dependencies": {
      "@jimwong/auto-report-coverage": "^0.0.14",
      "@jimwong/git-revision-webpack-plugin": "^5.0.0",
      "@jimwong/istanbul": "^0.4.5",
      "istanbul-threshold-checker": "^0.2.1",
      "lodash": "^4.0.0",
      "plugin-error": "^1.0.0",
      "through2": "^3.0.0",
      "vinyl-sourcemaps-apply": "^0.2.1"
    },
    "devDependencies": {
      "gulp": "^3.6.2",
      "gulp-mocha": "^3.0.1",
      "gulp-sourcemaps": "^2.2.0",
      "isparta": "^4.0.0",
      "jshint": "^2.5.0",
      "mocha": "^5.0.0",
      "rimraf": "^2.2.8",
      "vinyl": "^2.1.0"
    },
    "license": "MIT"
  }

yarn manifest: 
  No manifest

Lockfile: 
  No lockfile
